#
# A fatal error has been detected by the Java Runtime Environment:
#
#  EXCEPTION_ACCESS_VIOLATION (0xc0000005) at pc=0x00007ffb57f63a9c, pid=15068, tid=22612
#
# JRE version: Java(TM) SE Runtime Environment (17.0.1+12) (build 17.0.1+12-LTS-39)
# Java VM: Java HotSpot(TM) 64-Bit Server VM (17.0.1+12-LTS-39, mixed mode, sharing, tiered, compressed oops, compressed class ptrs, g1 gc, windows-amd64)
# Problematic frame:
# C  [igxelpicd64.dll+0x2c3a9c]
#
# No core dump will be written. Minidumps are not enabled by default on client versions of Windows
#
# If you would like to submit a bug report, please visit:
#   https://bugreport.java.com/bugreport/crash.jsp
#

---------------  S U M M A R Y ------------

Command Line: -Dfile.encoding=windows-1252 -Duser.country=IN -Duser.language=en -Duser.variant -ea org.supanthapaul.Main java.library.path=libs

Host: 11th Gen Intel(R) Core(TM) i5-11300H @ 3.10GHz, 8 cores, 15G,  Windows 10 , 64 bit Build 22621 (10.0.22621.1105)
Time: Mon Feb 13 21:41:58 2023 India Standard Time elapsed time: 0.481643 seconds (0d 0h 0m 0s)

---------------  T H R E A D  ---------------

Current thread (0x000002456b2b8810):  VMThread "VM Thread" [stack: 0x000000773df00000,0x000000773e000000] [id=22612]

Stack: [0x000000773df00000,0x000000773e000000],  sp=0x000000773dffe970,  free space=1018k
Native frames: (J=compiled Java code, j=interpreted, Vv=VM code, C=native code)
C  [igxelpicd64.dll+0x2c3a9c]


siginfo: EXCEPTION_ACCESS_VIOLATION (0xc0000005), reading address 0x0000000000035718


Register to memory mapping:

RIP=0x00007ffb57f63a9c igxelpicd64.dll
RAX=0x000002454644bc48 points into unknown readable memory: 0x0000000000000035 | 35 00 00 00 00 00 00 00
RBX=0x000002454644bb40 points into unknown readable memory: 0x000002456bc27670 | 70 76 c2 6b 45 02 00 00
RCX=0x0 is NULL
RDX=0x0 is NULL
RSP=0x000000773dffe970 points into unknown readable memory: 0x000002456c11dc70 | 70 dc 11 6c 45 02 00 00
RBP=0x0 is NULL
RSI=0x000002454644c110 points into unknown readable memory: 0x0000000000000000 | 00 00 00 00 00 00 00 00
RDI=0x000002456c30d990 points into unknown readable memory: 0x000002456c18ae00 | 00 ae 18 6c 45 02 00 00
R8 =0x0000000000000014 is an unknown value
R9 =0x0 is NULL
R10=0x0 is NULL
R11=0x0 is NULL
R12=0x0 is NULL
R13=0x0 is NULL
R14=0x0 is NULL
R15=0x0000000000000016 is an unknown value


Registers:
RAX=0x000002454644bc48, RBX=0x000002454644bb40, RCX=0x0000000000000000, RDX=0x0000000000000000
RSP=0x000000773dffe970, RBP=0x0000000000000000, RSI=0x000002454644c110, RDI=0x000002456c30d990
R8 =0x0000000000000014, R9 =0x0000000000000000, R10=0x0000000000000000, R11=0x0000000000000000
R12=0x0000000000000000, R13=0x0000000000000000, R14=0x0000000000000000, R15=0x0000000000000016
RIP=0x00007ffb57f63a9c, EFLAGS=0x0000000000010206

Top of Stack: (sp=0x000000773dffe970)
0x000000773dffe970:   000002456c11dc70 0000000000000000
0x000000773dffe980:   0260f7ed01d9dcec 00007ffbcc452e44
0x000000773dffe990:   024f69f00272d6ef 0214b9f0020b7ff0
0x000000773dffe9a0:   01e933f100b6e0f0 005f7df1028172f1
0x000000773dffe9b0:   000002456c289be0 0000000000000036
0x000000773dffe9c0:   0000000000000000 000000000000000f
0x000000773dffe9d0:   0000000000000000 0000000000000000
0x000000773dffe9e0:   000000773dffeaf0 00007ffb57f3dffc
0x000000773dffe9f0:   000002456c11dc70 000002456c30d990
0x000000773dffea00:   006aedf7006fd300 023dc1f802333800
0x000000773dffea10:   0000007700000600 0000b80200000000
0x000000773dffea20:   0000000000000000 024f78fe02752bfe
0x000000773dffea30:   01dd10ff0163e2fe 020034ff024130ff
0x000000773dffea40:   fc0300000006002a 7e0d025967060250
0x000000773dffea50:   f71202692911024f 00007ffb57fbfc8c
0x000000773dffea60:   0225013a811c021e 9f32027a9f2c0238 

Instructions: (pc=0x00007ffb57f63a9c)
0x00007ffb57f6399c:   ec 40 45 8a e1 48 8b fa 48 8b e9 48 8b 1d f2 a3
0x00007ffb57f639ac:   c8 00 48 89 58 08 48 8b cb ff 15 55 17 82 00 90
0x00007ffb57f639bc:   4c 8b af 78 02 00 00 48 8b 05 26 85 b8 00 44 8b
0x00007ffb57f639cc:   b8 58 0b 00 00 45 33 db 45 8a f3 4c 89 9f 78 02
0x00007ffb57f639dc:   00 00 44 89 9f 80 02 00 00 4c 89 9f 98 02 00 00
0x00007ffb57f639ec:   4c 89 9f 88 02 00 00 48 85 ed 75 38 8b 35 da 7d
0x00007ffb57f639fc:   c8 00 65 48 8b 04 25 58 00 00 00 b9 14 00 00 00
0x00007ffb57f63a0c:   48 8b 04 f0 44 38 1c 01 0f 84 7b 1f 70 00 65 48
0x00007ffb57f63a1c:   8b 04 25 58 00 00 00 bd 20 00 00 00 48 8b 04 f0
0x00007ffb57f63a2c:   48 8b 2c 28 48 3b 2d e9 a2 c8 00 45 0f 44 fb 4d
0x00007ffb57f63a3c:   85 ed 0f 84 21 01 00 00 44 8a a4 24 90 00 00 00
0x00007ffb57f63a4c:   49 8b dd 49 8d b5 d0 05 00 00 4c 8b 2e 45 84 e4
0x00007ffb57f63a5c:   0f 85 2a 03 00 00 8b 97 c8 01 00 00 48 8b 05 81
0x00007ffb57f63a6c:   84 b8 00 83 b8 78 03 00 00 02 75 31 83 fa 10 0f
0x00007ffb57f63a7c:   83 17 01 00 00 48 8d 04 d5 21 00 00 00 48 03 c2
0x00007ffb57f63a8c:   48 8d 04 c3 48 85 c0 0f 85 2e 01 00 00 49 8b cb
0x00007ffb57f63a9c:   48 3b 8d 18 57 03 00 0f 87 f3 02 00 00 4c 39 9b
0x00007ffb57f63aac:   48 06 00 00 0f 85 1f 1f 70 00 44 8b 97 c8 01 00
0x00007ffb57f63abc:   00 48 8b 87 e0 01 00 00 4c 8b 08 8b 97 c8 01 00
0x00007ffb57f63acc:   00 83 fa 10 0f 83 03 01 00 00 48 8d 04 d5 21 00
0x00007ffb57f63adc:   00 00 48 03 c2 48 8d 04 c3 48 85 c0 0f 85 e2 00
0x00007ffb57f63aec:   00 00 49 8b cb 49 3b c9 0f 86 0e 01 00 00 48 8b
0x00007ffb57f63afc:   87 78 02 00 00 48 89 06 48 89 9f 78 02 00 00 ff
0x00007ffb57f63b0c:   87 80 02 00 00 48 8b 43 08 48 8b 88 18 01 00 00
0x00007ffb57f63b1c:   48 81 e1 00 00 ff ff 48 81 c1 00 00 01 00 48 01
0x00007ffb57f63b2c:   8f 88 02 00 00 48 8b 43 08 48 8b 88 18 01 00 00
0x00007ffb57f63b3c:   48 01 8f 98 02 00 00 4d 85 ed 0f 85 00 ff ff ff
0x00007ffb57f63b4c:   45 84 f6 44 8a a4 24 98 00 00 00 0f 85 82 03 00
0x00007ffb57f63b5c:   00 48 8b 9c 24 80 00 00 00 48 8b cf 45 84 e4 0f
0x00007ffb57f63b6c:   85 8a 03 00 00 e8 8a fa ff ff 90 48 8b cb 48 8b
0x00007ffb57f63b7c:   9c 24 88 00 00 00 48 83 c4 40 41 5f 41 5e 41 5d
0x00007ffb57f63b8c:   41 5c 5f 5e 5d 48 ff 25 80 15 82 00 8d 4a f0 8b 


Stack slot to memory mapping:
stack at sp + 0 slots: 0x000002456c11dc70 points into unknown readable memory: 0xffffffffffffffff | ff ff ff ff ff ff ff ff
stack at sp + 1 slots: 0x0 is NULL
stack at sp + 2 slots: 0x0260f7ed01d9dcec is an unknown value
stack at sp + 3 slots: 0x00007ffbcc452e44 ntdll.dll
stack at sp + 4 slots: 0x024f69f00272d6ef is an unknown value
stack at sp + 5 slots: 0x0214b9f0020b7ff0 is an unknown value
stack at sp + 6 slots: 0x01e933f100b6e0f0 is an unknown value
stack at sp + 7 slots: 0x005f7df1028172f1 is an unknown value

VM_Operation (0x000000773d8fe550): Exit, mode: safepoint, requested by thread 0x000002454650e6e0


---------------  P R O C E S S  ---------------

Threads class SMR info:
_java_thread_list=0x000002456bd5c2b0, length=12, elements={
0x000002454650e6e0, 0x000002456bc059b0, 0x000002456bc06470, 0x000002456bc1ec10,
0x000002456bc214e0, 0x000002456bc22db0, 0x000002456bc23670, 0x0000024546442b80,
0x0000024546443090, 0x000002456bc31fb0, 0x000002456bd7b320, 0x000002456bd839d0
}

Java Threads: ( => current thread )
  0x000002454650e6e0 JavaThread "main" [_thread_blocked, id=2228, stack(0x000000773d800000,0x000000773d900000)]
  0x000002456bc059b0 JavaThread "Reference Handler" daemon [_thread_blocked, id=15568, stack(0x000000773e000000,0x000000773e100000)]
  0x000002456bc06470 JavaThread "Finalizer" daemon [_thread_blocked, id=8044, stack(0x000000773e100000,0x000000773e200000)]
  0x000002456bc1ec10 JavaThread "Signal Dispatcher" daemon [_thread_blocked, id=19772, stack(0x000000773e200000,0x000000773e300000)]
  0x000002456bc214e0 JavaThread "Attach Listener" daemon [_thread_blocked, id=21136, stack(0x000000773e300000,0x000000773e400000)]
  0x000002456bc22db0 JavaThread "Service Thread" daemon [_thread_blocked, id=25572, stack(0x000000773e400000,0x000000773e500000)]
  0x000002456bc23670 JavaThread "Monitor Deflation Thread" daemon [_thread_blocked, id=4736, stack(0x000000773e500000,0x000000773e600000)]
  0x0000024546442b80 JavaThread "C2 CompilerThread0" daemon [_thread_blocked, id=1340, stack(0x000000773e600000,0x000000773e700000)]
  0x0000024546443090 JavaThread "C1 CompilerThread0" daemon [_thread_blocked, id=24492, stack(0x000000773e700000,0x000000773e800000)]
  0x000002456bc31fb0 JavaThread "Sweeper thread" daemon [_thread_blocked, id=13924, stack(0x000000773e800000,0x000000773e900000)]
  0x000002456bd7b320 JavaThread "Notification Thread" daemon [_thread_blocked, id=14060, stack(0x000000773e900000,0x000000773ea00000)]
  0x000002456bd839d0 JavaThread "Common-Cleaner" daemon [_thread_blocked, id=16284, stack(0x000000773eb00000,0x000000773ec00000)]

Other Threads:
=>0x000002456b2b8810 VMThread "VM Thread" [stack: 0x000000773df00000,0x000000773e000000] [id=22612]
  0x0000024548866510 GCTaskThread "GC Thread#0" [stack: 0x000000773da00000,0x000000773db00000] [id=19160]
  0x0000024548876f90 ConcurrentGCThread "G1 Main Marker" terminated
  0x0000024548877cc0 ConcurrentGCThread "G1 Conc#0" [stack: 0x000000773dc00000,0x000000773dd00000] [id=17048]
  0x000002456b16d610 ConcurrentGCThread "G1 Refine#0" terminated
  0x000002456b16ecf0 ConcurrentGCThread "G1 Service" terminated

Threads with active compile tasks:
C2 CompilerThread0  
[error occurred during error reporting (printing all threads), id 0xc0000005, EXCEPTION_ACCESS_VIOLATION (0xc0000005) at pc=0x00007ffb5a30cfa3]

VM state: at safepoint (shutting down)

VM Mutex/Monitor currently owned by a thread:  ([mutex/lock_event])
[0x0000024548813e00] Threads_lock - owner thread: 0x000002456b2b8810
[0x0000024548812660] Heap_lock - owner thread: 0x000002454650e6e0

Heap address: 0x0000000704c00000, size: 4020 MB, Compressed Oops mode: Zero based, Oop shift amount: 3

CDS archive(s) mapped at: [0x0000000800000000-0x0000000800bc0000-0x0000000800bc0000), size 12320768, SharedBaseAddress: 0x0000000800000000, ArchiveRelocationMode: 0.
Compressed class space mapped at: 0x0000000800c00000-0x0000000840c00000, reserved size: 1073741824
Narrow klass base: 0x0000000800000000, Narrow klass shift: 0, Narrow klass range: 0x100000000

GC Precious Log:
 CPUs: 8 total, 8 available
 Memory: 16075M
 Large Page Support: Disabled
 NUMA Support: Disabled
 Compressed Oops: Enabled (Zero based)
 Heap Region Size: 2M
 Heap Min Capacity: 8M
 Heap Initial Capacity: 252M
 Heap Max Capacity: 4020M
 Pre-touch: Disabled
 Parallel Workers: 8
 Concurrent Workers: 2
 Concurrent Refinement Workers: 8
 Periodic GC: Disabled

Heap:
 garbage-first heap   total 258048K, used 10240K [0x0000000704c00000, 0x0000000800000000)
  region size 2048K, 6 young (12288K), 0 survivors (0K)
 Metaspace       used 4693K, committed 4864K, reserved 1056768K
  class space    used 256K, committed 320K, reserved 1048576K

Heap Regions: E=young(eden), S=young(survivor), O=old, HS=humongous(starts), HC=humongous(continues), CS=collection set, F=free, OA=open archive, CA=closed archive, TAMS=top-at-mark-start (previous, next)
|   0|0x0000000704c00000, 0x0000000704c00000, 0x0000000704e00000|  0%| F|  |TAMS 0x0000000704c00000, 0x0000000704c00000| Untracked 
|   1|0x0000000704e00000, 0x0000000704e00000, 0x0000000705000000|  0%| F|  |TAMS 0x0000000704e00000, 0x0000000704e00000| Untracked 
|   2|0x0000000705000000, 0x0000000705000000, 0x0000000705200000|  0%| F|  |TAMS 0x0000000705000000, 0x0000000705000000| Untracked 
|   3|0x0000000705200000, 0x0000000705200000, 0x0000000705400000|  0%| F|  |TAMS 0x0000000705200000, 0x0000000705200000| Untracked 
|   4|0x0000000705400000, 0x0000000705400000, 0x0000000705600000|  0%| F|  |TAMS 0x0000000705400000, 0x0000000705400000| Untracked 
|   5|0x0000000705600000, 0x0000000705600000, 0x0000000705800000|  0%| F|  |TAMS 0x0000000705600000, 0x0000000705600000| Untracked 
|   6|0x0000000705800000, 0x0000000705800000, 0x0000000705a00000|  0%| F|  |TAMS 0x0000000705800000, 0x0000000705800000| Untracked 
|   7|0x0000000705a00000, 0x0000000705a00000, 0x0000000705c00000|  0%| F|  |TAMS 0x0000000705a00000, 0x0000000705a00000| Untracked 
|   8|0x0000000705c00000, 0x0000000705c00000, 0x0000000705e00000|  0%| F|  |TAMS 0x0000000705c00000, 0x0000000705c00000| Untracked 
|   9|0x0000000705e00000, 0x0000000705e00000, 0x0000000706000000|  0%| F|  |TAMS 0x0000000705e00000, 0x0000000705e00000| Untracked 
|  10|0x0000000706000000, 0x0000000706000000, 0x0000000706200000|  0%| F|  |TAMS 0x0000000706000000, 0x0000000706000000| Untracked 
|  11|0x0000000706200000, 0x0000000706200000, 0x0000000706400000|  0%| F|  |TAMS 0x0000000706200000, 0x0000000706200000| Untracked 
|  12|0x0000000706400000, 0x0000000706400000, 0x0000000706600000|  0%| F|  |TAMS 0x0000000706400000, 0x0000000706400000| Untracked 
|  13|0x0000000706600000, 0x0000000706600000, 0x0000000706800000|  0%| F|  |TAMS 0x0000000706600000, 0x0000000706600000| Untracked 
|  14|0x0000000706800000, 0x0000000706800000, 0x0000000706a00000|  0%| F|  |TAMS 0x0000000706800000, 0x0000000706800000| Untracked 
|  15|0x0000000706a00000, 0x0000000706a00000, 0x0000000706c00000|  0%| F|  |TAMS 0x0000000706a00000, 0x0000000706a00000| Untracked 
|  16|0x0000000706c00000, 0x0000000706c00000, 0x0000000706e00000|  0%| F|  |TAMS 0x0000000706c00000, 0x0000000706c00000| Untracked 
|  17|0x0000000706e00000, 0x0000000706e00000, 0x0000000707000000|  0%| F|  |TAMS 0x0000000706e00000, 0x0000000706e00000| Untracked 
|  18|0x0000000707000000, 0x0000000707000000, 0x0000000707200000|  0%| F|  |TAMS 0x0000000707000000, 0x0000000707000000| Untracked 
|  19|0x0000000707200000, 0x0000000707200000, 0x0000000707400000|  0%| F|  |TAMS 0x0000000707200000, 0x0000000707200000| Untracked 
|  20|0x0000000707400000, 0x0000000707400000, 0x0000000707600000|  0%| F|  |TAMS 0x0000000707400000, 0x0000000707400000| Untracked 
|  21|0x0000000707600000, 0x0000000707600000, 0x0000000707800000|  0%| F|  |TAMS 0x0000000707600000, 0x0000000707600000| Untracked 
|  22|0x0000000707800000, 0x0000000707800000, 0x0000000707a00000|  0%| F|  |TAMS 0x0000000707800000, 0x0000000707800000| Untracked 
|  23|0x0000000707a00000, 0x0000000707a00000, 0x0000000707c00000|  0%| F|  |TAMS 0x0000000707a00000, 0x0000000707a00000| Untracked 
|  24|0x0000000707c00000, 0x0000000707c00000, 0x0000000707e00000|  0%| F|  |TAMS 0x0000000707c00000, 0x0000000707c00000| Untracked 
|  25|0x0000000707e00000, 0x0000000707e00000, 0x0000000708000000|  0%| F|  |TAMS 0x0000000707e00000, 0x0000000707e00000| Untracked 
|  26|0x0000000708000000, 0x0000000708000000, 0x0000000708200000|  0%| F|  |TAMS 0x0000000708000000, 0x0000000708000000| Untracked 
|  27|0x0000000708200000, 0x0000000708200000, 0x0000000708400000|  0%| F|  |TAMS 0x0000000708200000, 0x0000000708200000| Untracked 
|  28|0x0000000708400000, 0x0000000708400000, 0x0000000708600000|  0%| F|  |TAMS 0x0000000708400000, 0x0000000708400000| Untracked 
|  29|0x0000000708600000, 0x0000000708600000, 0x0000000708800000|  0%| F|  |TAMS 0x0000000708600000, 0x0000000708600000| Untracked 
|  30|0x0000000708800000, 0x0000000708800000, 0x0000000708a00000|  0%| F|  |TAMS 0x0000000708800000, 0x0000000708800000| Untracked 
|  31|0x0000000708a00000, 0x0000000708a00000, 0x0000000708c00000|  0%| F|  |TAMS 0x0000000708a00000, 0x0000000708a00000| Untracked 
|  32|0x0000000708c00000, 0x0000000708c00000, 0x0000000708e00000|  0%| F|  |TAMS 0x0000000708c00000, 0x0000000708c00000| Untracked 
|  33|0x0000000708e00000, 0x0000000708e00000, 0x0000000709000000|  0%| F|  |TAMS 0x0000000708e00000, 0x0000000708e00000| Untracked 
|  34|0x0000000709000000, 0x0000000709000000, 0x0000000709200000|  0%| F|  |TAMS 0x0000000709000000, 0x0000000709000000| Untracked 
|  35|0x0000000709200000, 0x0000000709200000, 0x0000000709400000|  0%| F|  |TAMS 0x0000000709200000, 0x0000000709200000| Untracked 
|  36|0x0000000709400000, 0x0000000709400000, 0x0000000709600000|  0%| F|  |TAMS 0x0000000709400000, 0x0000000709400000| Untracked 
|  37|0x0000000709600000, 0x0000000709600000, 0x0000000709800000|  0%| F|  |TAMS 0x0000000709600000, 0x0000000709600000| Untracked 
|  38|0x0000000709800000, 0x0000000709800000, 0x0000000709a00000|  0%| F|  |TAMS 0x0000000709800000, 0x0000000709800000| Untracked 
|  39|0x0000000709a00000, 0x0000000709a00000, 0x0000000709c00000|  0%| F|  |TAMS 0x0000000709a00000, 0x0000000709a00000| Untracked 
|  40|0x0000000709c00000, 0x0000000709c00000, 0x0000000709e00000|  0%| F|  |TAMS 0x0000000709c00000, 0x0000000709c00000| Untracked 
|  41|0x0000000709e00000, 0x0000000709e00000, 0x000000070a000000|  0%| F|  |TAMS 0x0000000709e00000, 0x0000000709e00000| Untracked 
|  42|0x000000070a000000, 0x000000070a000000, 0x000000070a200000|  0%| F|  |TAMS 0x000000070a000000, 0x000000070a000000| Untracked 
|  43|0x000000070a200000, 0x000000070a200000, 0x000000070a400000|  0%| F|  |TAMS 0x000000070a200000, 0x000000070a200000| Untracked 
|  44|0x000000070a400000, 0x000000070a400000, 0x000000070a600000|  0%| F|  |TAMS 0x000000070a400000, 0x000000070a400000| Untracked 
|  45|0x000000070a600000, 0x000000070a600000, 0x000000070a800000|  0%| F|  |TAMS 0x000000070a600000, 0x000000070a600000| Untracked 
|  46|0x000000070a800000, 0x000000070a800000, 0x000000070aa00000|  0%| F|  |TAMS 0x000000070a800000, 0x000000070a800000| Untracked 
|  47|0x000000070aa00000, 0x000000070aa00000, 0x000000070ac00000|  0%| F|  |TAMS 0x000000070aa00000, 0x000000070aa00000| Untracked 
|  48|0x000000070ac00000, 0x000000070ac00000, 0x000000070ae00000|  0%| F|  |TAMS 0x000000070ac00000, 0x000000070ac00000| Untracked 
|  49|0x000000070ae00000, 0x000000070ae00000, 0x000000070b000000|  0%| F|  |TAMS 0x000000070ae00000, 0x000000070ae00000| Untracked 
|  50|0x000000070b000000, 0x000000070b000000, 0x000000070b200000|  0%| F|  |TAMS 0x000000070b000000, 0x000000070b000000| Untracked 
|  51|0x000000070b200000, 0x000000070b200000, 0x000000070b400000|  0%| F|  |TAMS 0x000000070b200000, 0x000000070b200000| Untracked 
|  52|0x000000070b400000, 0x000000070b400000, 0x000000070b600000|  0%| F|  |TAMS 0x000000070b400000, 0x000000070b400000| Untracked 
|  53|0x000000070b600000, 0x000000070b600000, 0x000000070b800000|  0%| F|  |TAMS 0x000000070b600000, 0x000000070b600000| Untracked 
|  54|0x000000070b800000, 0x000000070b800000, 0x000000070ba00000|  0%| F|  |TAMS 0x000000070b800000, 0x000000070b800000| Untracked 
|  55|0x000000070ba00000, 0x000000070ba00000, 0x000000070bc00000|  0%| F|  |TAMS 0x000000070ba00000, 0x000000070ba00000| Untracked 
|  56|0x000000070bc00000, 0x000000070bc00000, 0x000000070be00000|  0%| F|  |TAMS 0x000000070bc00000, 0x000000070bc00000| Untracked 
|  57|0x000000070be00000, 0x000000070be00000, 0x000000070c000000|  0%| F|  |TAMS 0x000000070be00000, 0x000000070be00000| Untracked 
|  58|0x000000070c000000, 0x000000070c000000, 0x000000070c200000|  0%| F|  |TAMS 0x000000070c000000, 0x000000070c000000| Untracked 
|  59|0x000000070c200000, 0x000000070c200000, 0x000000070c400000|  0%| F|  |TAMS 0x000000070c200000, 0x000000070c200000| Untracked 
|  60|0x000000070c400000, 0x000000070c400000, 0x000000070c600000|  0%| F|  |TAMS 0x000000070c400000, 0x000000070c400000| Untracked 
|  61|0x000000070c600000, 0x000000070c600000, 0x000000070c800000|  0%| F|  |TAMS 0x000000070c600000, 0x000000070c600000| Untracked 
|  62|0x000000070c800000, 0x000000070c800000, 0x000000070ca00000|  0%| F|  |TAMS 0x000000070c800000, 0x000000070c800000| Untracked 
|  63|0x000000070ca00000, 0x000000070ca00000, 0x000000070cc00000|  0%| F|  |TAMS 0x000000070ca00000, 0x000000070ca00000| Untracked 
|  64|0x000000070cc00000, 0x000000070cc00000, 0x000000070ce00000|  0%| F|  |TAMS 0x000000070cc00000, 0x000000070cc00000| Untracked 
|  65|0x000000070ce00000, 0x000000070ce00000, 0x000000070d000000|  0%| F|  |TAMS 0x000000070ce00000, 0x000000070ce00000| Untracked 
|  66|0x000000070d000000, 0x000000070d000000, 0x000000070d200000|  0%| F|  |TAMS 0x000000070d000000, 0x000000070d000000| Untracked 
|  67|0x000000070d200000, 0x000000070d200000, 0x000000070d400000|  0%| F|  |TAMS 0x000000070d200000, 0x000000070d200000| Untracked 
|  68|0x000000070d400000, 0x000000070d400000, 0x000000070d600000|  0%| F|  |TAMS 0x000000070d400000, 0x000000070d400000| Untracked 
|  69|0x000000070d600000, 0x000000070d600000, 0x000000070d800000|  0%| F|  |TAMS 0x000000070d600000, 0x000000070d600000| Untracked 
|  70|0x000000070d800000, 0x000000070d800000, 0x000000070da00000|  0%| F|  |TAMS 0x000000070d800000, 0x000000070d800000| Untracked 
|  71|0x000000070da00000, 0x000000070da00000, 0x000000070dc00000|  0%| F|  |TAMS 0x000000070da00000, 0x000000070da00000| Untracked 
|  72|0x000000070dc00000, 0x000000070dc00000, 0x000000070de00000|  0%| F|  |TAMS 0x000000070dc00000, 0x000000070dc00000| Untracked 
|  73|0x000000070de00000, 0x000000070de00000, 0x000000070e000000|  0%| F|  |TAMS 0x000000070de00000, 0x000000070de00000| Untracked 
|  74|0x000000070e000000, 0x000000070e000000, 0x000000070e200000|  0%| F|  |TAMS 0x000000070e000000, 0x000000070e000000| Untracked 
|  75|0x000000070e200000, 0x000000070e200000, 0x000000070e400000|  0%| F|  |TAMS 0x000000070e200000, 0x000000070e200000| Untracked 
|  76|0x000000070e400000, 0x000000070e400000, 0x000000070e600000|  0%| F|  |TAMS 0x000000070e400000, 0x000000070e400000| Untracked 
|  77|0x000000070e600000, 0x000000070e600000, 0x000000070e800000|  0%| F|  |TAMS 0x000000070e600000, 0x000000070e600000| Untracked 
|  78|0x000000070e800000, 0x000000070e800000, 0x000000070ea00000|  0%| F|  |TAMS 0x000000070e800000, 0x000000070e800000| Untracked 
|  79|0x000000070ea00000, 0x000000070ea00000, 0x000000070ec00000|  0%| F|  |TAMS 0x000000070ea00000, 0x000000070ea00000| Untracked 
|  80|0x000000070ec00000, 0x000000070ec00000, 0x000000070ee00000|  0%| F|  |TAMS 0x000000070ec00000, 0x000000070ec00000| Untracked 
|  81|0x000000070ee00000, 0x000000070ee00000, 0x000000070f000000|  0%| F|  |TAMS 0x000000070ee00000, 0x000000070ee00000| Untracked 
|  82|0x000000070f000000, 0x000000070f000000, 0x000000070f200000|  0%| F|  |TAMS 0x000000070f000000, 0x000000070f000000| Untracked 
|  83|0x000000070f200000, 0x000000070f200000, 0x000000070f400000|  0%| F|  |TAMS 0x000000070f200000, 0x000000070f200000| Untracked 
|  84|0x000000070f400000, 0x000000070f400000, 0x000000070f600000|  0%| F|  |TAMS 0x000000070f400000, 0x000000070f400000| Untracked 
|  85|0x000000070f600000, 0x000000070f600000, 0x000000070f800000|  0%| F|  |TAMS 0x000000070f600000, 0x000000070f600000| Untracked 
|  86|0x000000070f800000, 0x000000070f800000, 0x000000070fa00000|  0%| F|  |TAMS 0x000000070f800000, 0x000000070f800000| Untracked 
|  87|0x000000070fa00000, 0x000000070fa00000, 0x000000070fc00000|  0%| F|  |TAMS 0x000000070fa00000, 0x000000070fa00000| Untracked 
|  88|0x000000070fc00000, 0x000000070fc00000, 0x000000070fe00000|  0%| F|  |TAMS 0x000000070fc00000, 0x000000070fc00000| Untracked 
|  89|0x000000070fe00000, 0x000000070fe00000, 0x0000000710000000|  0%| F|  |TAMS 0x000000070fe00000, 0x000000070fe00000| Untracked 
|  90|0x0000000710000000, 0x0000000710000000, 0x0000000710200000|  0%| F|  |TAMS 0x0000000710000000, 0x0000000710000000| Untracked 
|  91|0x0000000710200000, 0x0000000710200000, 0x0000000710400000|  0%| F|  |TAMS 0x0000000710200000, 0x0000000710200000| Untracked 
|  92|0x0000000710400000, 0x0000000710400000, 0x0000000710600000|  0%| F|  |TAMS 0x0000000710400000, 0x0000000710400000| Untracked 
|  93|0x0000000710600000, 0x0000000710600000, 0x0000000710800000|  0%| F|  |TAMS 0x0000000710600000, 0x0000000710600000| Untracked 
|  94|0x0000000710800000, 0x0000000710800000, 0x0000000710a00000|  0%| F|  |TAMS 0x0000000710800000, 0x0000000710800000| Untracked 
|  95|0x0000000710a00000, 0x0000000710a00000, 0x0000000710c00000|  0%| F|  |TAMS 0x0000000710a00000, 0x0000000710a00000| Untracked 
|  96|0x0000000710c00000, 0x0000000710c00000, 0x0000000710e00000|  0%| F|  |TAMS 0x0000000710c00000, 0x0000000710c00000| Untracked 
|  97|0x0000000710e00000, 0x0000000710e00000, 0x0000000711000000|  0%| F|  |TAMS 0x0000000710e00000, 0x0000000710e00000| Untracked 
|  98|0x0000000711000000, 0x0000000711000000, 0x0000000711200000|  0%| F|  |TAMS 0x0000000711000000, 0x0000000711000000| Untracked 
|  99|0x0000000711200000, 0x0000000711200000, 0x0000000711400000|  0%| F|  |TAMS 0x0000000711200000, 0x0000000711200000| Untracked 
| 100|0x0000000711400000, 0x0000000711400000, 0x0000000711600000|  0%| F|  |TAMS 0x0000000711400000, 0x0000000711400000| Untracked 
| 101|0x0000000711600000, 0x0000000711600000, 0x0000000711800000|  0%| F|  |TAMS 0x0000000711600000, 0x0000000711600000| Untracked 
| 102|0x0000000711800000, 0x0000000711800000, 0x0000000711a00000|  0%| F|  |TAMS 0x0000000711800000, 0x0000000711800000| Untracked 
| 103|0x0000000711a00000, 0x0000000711a00000, 0x0000000711c00000|  0%| F|  |TAMS 0x0000000711a00000, 0x0000000711a00000| Untracked 
| 104|0x0000000711c00000, 0x0000000711c00000, 0x0000000711e00000|  0%| F|  |TAMS 0x0000000711c00000, 0x0000000711c00000| Untracked 
| 105|0x0000000711e00000, 0x0000000711e00000, 0x0000000712000000|  0%| F|  |TAMS 0x0000000711e00000, 0x0000000711e00000| Untracked 
| 106|0x0000000712000000, 0x0000000712000000, 0x0000000712200000|  0%| F|  |TAMS 0x0000000712000000, 0x0000000712000000| Untracked 
| 107|0x0000000712200000, 0x0000000712200000, 0x0000000712400000|  0%| F|  |TAMS 0x0000000712200000, 0x0000000712200000| Untracked 
| 108|0x0000000712400000, 0x0000000712400000, 0x0000000712600000|  0%| F|  |TAMS 0x0000000712400000, 0x0000000712400000| Untracked 
| 109|0x0000000712600000, 0x0000000712600000, 0x0000000712800000|  0%| F|  |TAMS 0x0000000712600000, 0x0000000712600000| Untracked 
| 110|0x0000000712800000, 0x0000000712800000, 0x0000000712a00000|  0%| F|  |TAMS 0x0000000712800000, 0x0000000712800000| Untracked 
| 111|0x0000000712a00000, 0x0000000712a00000, 0x0000000712c00000|  0%| F|  |TAMS 0x0000000712a00000, 0x0000000712a00000| Untracked 
| 112|0x0000000712c00000, 0x0000000712c00000, 0x0000000712e00000|  0%| F|  |TAMS 0x0000000712c00000, 0x0000000712c00000| Untracked 
| 113|0x0000000712e00000, 0x0000000712e00000, 0x0000000713000000|  0%| F|  |TAMS 0x0000000712e00000, 0x0000000712e00000| Untracked 
| 114|0x0000000713000000, 0x0000000713000000, 0x0000000713200000|  0%| F|  |TAMS 0x0000000713000000, 0x0000000713000000| Untracked 
| 115|0x0000000713200000, 0x0000000713200000, 0x0000000713400000|  0%| F|  |TAMS 0x0000000713200000, 0x0000000713200000| Untracked 
| 116|0x0000000713400000, 0x0000000713400000, 0x0000000713600000|  0%| F|  |TAMS 0x0000000713400000, 0x0000000713400000| Untracked 
| 117|0x0000000713600000, 0x0000000713600000, 0x0000000713800000|  0%| F|  |TAMS 0x0000000713600000, 0x0000000713600000| Untracked 
| 118|0x0000000713800000, 0x0000000713800000, 0x0000000713a00000|  0%| F|  |TAMS 0x0000000713800000, 0x0000000713800000| Untracked 
| 119|0x0000000713a00000, 0x0000000713a00000, 0x0000000713c00000|  0%| F|  |TAMS 0x0000000713a00000, 0x0000000713a00000| Untracked 
| 120|0x0000000713c00000, 0x0000000713c88258, 0x0000000713e00000| 26%| E|  |TAMS 0x0000000713c00000, 0x0000000713c00000| Complete 
| 121|0x0000000713e00000, 0x0000000714000000, 0x0000000714000000|100%| E|CS|TAMS 0x0000000713e00000, 0x0000000713e00000| Complete 
| 122|0x0000000714000000, 0x0000000714200000, 0x0000000714200000|100%| E|CS|TAMS 0x0000000714000000, 0x0000000714000000| Complete 
| 123|0x0000000714200000, 0x0000000714400000, 0x0000000714400000|100%| E|CS|TAMS 0x0000000714200000, 0x0000000714200000| Complete 
| 124|0x0000000714400000, 0x0000000714600000, 0x0000000714600000|100%| E|CS|TAMS 0x0000000714400000, 0x0000000714400000| Complete 
| 125|0x0000000714600000, 0x0000000714800000, 0x0000000714800000|100%| E|CS|TAMS 0x0000000714600000, 0x0000000714600000| Complete 

Card table byte_map: [0x000002455fae0000,0x00000245602c0000] _byte_map_base: 0x000002455c2ba000

Marking Bits (Prev, Next): (CMBitMap*) 0x0000024548866b20, (CMBitMap*) 0x0000024548866b60
 Prev Bits: [0x0000024560aa0000, 0x0000024564970000)
 Next Bits: [0x0000024564970000, 0x0000024568840000)

Polling page: 0x00000245465c0000

Metaspace:

Usage:
  Non-class:      4.33 MB used.
      Class:    256.10 KB used.
       Both:      4.58 MB used.

Virtual space:
  Non-class space:        8.00 MB reserved,       4.44 MB ( 55%) committed,  1 nodes.
      Class space:        1.00 GB reserved,     320.00 KB ( <1%) committed,  1 nodes.
             Both:        1.01 GB reserved,       4.75 MB ( <1%) committed. 

Chunk freelists:
   Non-Class:  928.00 KB
       Class:  3.57 MB
        Both:  4.47 MB

MaxMetaspaceSize: unlimited
CompressedClassSpaceSize: 1.00 GB
Initial GC threshold: 21.00 MB
Current GC threshold: 21.00 MB
CDS: on
MetaspaceReclaimPolicy: balanced
 - commit_granule_bytes: 65536.
 - commit_granule_words: 8192.
 - virtual_space_node_default_size: 1048576.
 - enlarge_chunks_in_place: 1.
 - new_chunks_are_fully_committed: 0.
 - uncommit_free_chunks: 1.
 - use_allocation_guard: 0.
 - handle_deallocations: 1.


Internal statistics:

num_allocs_failed_limit: 0.
num_arena_births: 78.
num_arena_deaths: 0.
num_vsnodes_births: 2.
num_vsnodes_deaths: 0.
num_space_committed: 74.
num_space_uncommitted: 0.
num_chunks_returned_to_freelist: 0.
num_chunks_taken_from_freelist: 213.
num_chunk_merges: 0.
num_chunk_splits: 149.
num_chunks_enlarged: 109.
num_purges: 0.
num_inconsistent_stats: 0.

CodeHeap 'non-profiled nmethods': size=120000Kb used=196Kb max_used=196Kb free=119804Kb
 bounds [0x0000024557aa0000, 0x0000024557d10000, 0x000002455efd0000]
CodeHeap 'profiled nmethods': size=120000Kb used=1119Kb max_used=1119Kb free=118880Kb
 bounds [0x0000024550570000, 0x00000245507e0000, 0x0000024557aa0000]
CodeHeap 'non-nmethods': size=5760Kb used=1723Kb max_used=1738Kb free=4036Kb
 bounds [0x000002454ffd0000, 0x0000024550240000, 0x0000024550570000]
 total_blobs=1872 nmethods=693 adapters=1092
 compilation: enabled
              stopped_count=0, restarted_count=0
 full_count=0

Compilation events (20 events):
Event: 0.458 Thread 0x0000024546443090 nmethod 684 0x0000024550682410 code [0x00000245506825a0, 0x0000024550682718]
Event: 0.459 Thread 0x0000024546443090  685       3       sun.net.www.ParseUtil::encodePath (41 bytes)
Event: 0.459 Thread 0x0000024546443090 nmethod 685 0x0000024550682790 code [0x0000024550682960, 0x0000024550682bc8]
Event: 0.459 Thread 0x0000024546443090  686   !   3       jdk.internal.ref.PhantomCleanable::remove (60 bytes)
Event: 0.459 Thread 0x0000024546443090 nmethod 686 0x0000024550682c90 code [0x0000024550682e40, 0x0000024550683278]
Event: 0.459 Thread 0x0000024546443090  687       3       java.lang.StringLatin1::getChars (12 bytes)
Event: 0.459 Thread 0x0000024546443090 nmethod 687 0x0000024550683410 code [0x00000245506835a0, 0x00000245506836c8]
Event: 0.459 Thread 0x0000024546443090  688   !   3       java.util.concurrent.ConcurrentHashMap::computeIfAbsent (576 bytes)
Event: 0.461 Thread 0x0000024546443090 nmethod 688 0x0000024550683790 code [0x0000024550683ba0, 0x0000024550685fb8]
Event: 0.461 Thread 0x0000024546443090  689       3       java.util.ArrayDeque::elementAt (4 bytes)
Event: 0.461 Thread 0x0000024546443090 nmethod 689 0x0000024550687090 code [0x0000024550687220, 0x0000024550687338]
Event: 0.461 Thread 0x0000024546443090  691       3       jdk.internal.loader.NativeLibraries$NativeLibraryImpl::find (6 bytes)
Event: 0.461 Thread 0x0000024546443090 nmethod 691 0x0000024550687410 code [0x00000245506875a0, 0x00000245506876c8]
Event: 0.461 Thread 0x0000024546442b80 nmethod 679 0x0000024557acfe90 code [0x0000024557ad0040, 0x0000024557ad0768]
Event: 0.461 Thread 0x0000024546442b80  690       4       java.lang.AbstractStringBuilder::putStringAt (34 bytes)
Event: 0.462 Thread 0x0000024546443090  692       3       jdk.internal.misc.VM::initLevel (4 bytes)
Event: 0.462 Thread 0x0000024546443090 nmethod 692 0x0000024550687790 code [0x0000024550687920, 0x0000024550687a18]
Event: 0.462 Thread 0x0000024546443090  693       3       sun.nio.cs.SingleByte$Encoder::encode (32 bytes)
Event: 0.462 Thread 0x0000024546443090 nmethod 693 0x0000024550687a90 code [0x0000024550687c40, 0x0000024550687e38]
Event: 0.462 Thread 0x0000024546442b80 nmethod 690 0x0000024557ad0b10 code [0x0000024557ad0ca0, 0x0000024557ad0e98]

GC Heap History (0 events):
No events

Deoptimization events (4 events):
Event: 0.100 Thread 0x000002454650e6e0 DEOPT PACKING pc=0x0000024550586067 sp=0x000000773d8fb300
Event: 0.100 Thread 0x000002454650e6e0 DEOPT UNPACKING pc=0x0000024550026763 sp=0x000000773d8fa720 mode 0
Event: 0.377 Thread 0x000002454650e6e0 DEOPT PACKING pc=0x0000024550596be5 sp=0x000000773d8fa790
Event: 0.377 Thread 0x000002454650e6e0 DEOPT UNPACKING pc=0x0000024550026763 sp=0x000000773d8f9be0 mode 0

Classes unloaded (0 events):
No events

Classes redefined (0 events):
No events

Internal exceptions (20 events):
Event: 0.096 Thread 0x000002454650e6e0 Exception <a 'sun/nio/fs/WindowsException'{0x00000007145782a8}> (0x00000007145782a8) 
thrown [t:\workspace\open\src\hotspot\share\prims\jni.cpp, line 516]
Event: 0.096 Thread 0x000002454650e6e0 Exception <a 'sun/nio/fs/WindowsException'{0x00000007145787f8}> (0x00000007145787f8) 
thrown [t:\workspace\open\src\hotspot\share\prims\jni.cpp, line 516]
Event: 0.114 Thread 0x000002454650e6e0 Exception <a 'java/lang/NoSuchMethodError'{0x0000000714287f08}: 'int java.lang.invoke.DirectMethodHandle$Holder.invokeStaticInit(java.lang.Object, java.lang.Object, int, long)'> (0x0000000714287f08) 
thrown [t:\workspace\open\src\hotspot\share\interpreter\linkResolver.cpp, line 766]
Event: 0.115 Thread 0x000002454650e6e0 Exception <a 'java/lang/NoSuchMethodError'{0x000000071428d7d0}: 'java.lang.Object java.lang.invoke.DirectMethodHandle$Holder.newInvokeSpecial(java.lang.Object, java.lang.Object, int)'> (0x000000071428d7d0) 
thrown [t:\workspace\open\src\hotspot\share\interpreter\linkResolver.cpp, line 766]
Event: 0.117 Thread 0x000002454650e6e0 Exception <a 'java/lang/NoSuchMethodError'{0x000000071429c250}: 'int java.lang.invoke.DirectMethodHandle$Holder.invokeStaticInit(java.lang.Object, java.lang.Object, long, long)'> (0x000000071429c250) 
thrown [t:\workspace\open\src\hotspot\share\interpreter\linkResolver.cpp, line 766]
Event: 0.117 Thread 0x000002454650e6e0 Exception <a 'java/lang/NoSuchMethodError'{0x00000007142a2360}: 'java.lang.Object java.lang.invoke.DirectMethodHandle$Holder.newInvokeSpecial(java.lang.Object, java.lang.Object, long)'> (0x00000007142a2360) 
thrown [t:\workspace\open\src\hotspot\share\interpreter\linkResolver.cpp, line 766]
Event: 0.118 Thread 0x000002454650e6e0 Exception <a 'java/lang/NoSuchMethodError'{0x00000007142a63a8}: 'java.lang.Object java.lang.invoke.Invokers$Holder.linkToTargetMethod(java.lang.Object, long, java.lang.Object)'> (0x00000007142a63a8) 
thrown [t:\workspace\open\src\hotspot\share\interpreter\linkResolver.cpp, line 766]
Event: 0.119 Thread 0x000002454650e6e0 Exception <a 'java/lang/NoSuchMethodError'{0x00000007142adac0}: 'int java.lang.invoke.DirectMethodHandle$Holder.invokeStaticInit(java.lang.Object, java.lang.Object, java.lang.Object, long)'> (0x00000007142adac0) 
thrown [t:\workspace\open\src\hotspot\share\interpreter\linkResolver.cpp, line 766]
Event: 0.137 Thread 0x000002454650e6e0 Exception <a 'sun/nio/fs/WindowsException'{0x0000000714347960}> (0x0000000714347960) 
thrown [t:\workspace\open\src\hotspot\share\prims\jni.cpp, line 516]
Event: 0.137 Thread 0x000002454650e6e0 Exception <a 'sun/nio/fs/WindowsException'{0x0000000714347cc0}> (0x0000000714347cc0) 
thrown [t:\workspace\open\src\hotspot\share\prims\jni.cpp, line 516]
Event: 0.214 Thread 0x000002454650e6e0 Exception <a 'java/lang/NoSuchMethodError'{0x000000071439b340}: 'void java.lang.invoke.DirectMethodHandle$Holder.invokeStaticInit(java.lang.Object, long, double, double)'> (0x000000071439b340) 
thrown [t:\workspace\open\src\hotspot\share\interpreter\linkResolver.cpp, line 766]
Event: 0.215 Thread 0x000002454650e6e0 Exception <a 'java/lang/NoSuchMethodError'{0x00000007143a7f38}: 'void java.lang.invoke.DirectMethodHandle$Holder.invokeStaticInit(java.lang.Object, long, int, int, int)'> (0x00000007143a7f38) 
thrown [t:\workspace\open\src\hotspot\share\interpreter\linkResolver.cpp, line 766]
Event: 0.219 Thread 0x000002454650e6e0 Exception <a 'java/lang/NoSuchMethodError'{0x00000007143bca40}: 'void java.lang.invoke.DirectMethodHandle$Holder.invokeStaticInit(java.lang.Object, long, int, int, int, int)'> (0x00000007143bca40) 
thrown [t:\workspace\open\src\hotspot\share\interpreter\linkResolver.cpp, line 766]
Event: 0.265 Thread 0x000002454650e6e0 Exception <a 'sun/nio/fs/WindowsException'{0x00000007143e8738}> (0x00000007143e8738) 
thrown [t:\workspace\open\src\hotspot\share\prims\jni.cpp, line 516]
Event: 0.265 Thread 0x000002454650e6e0 Exception <a 'sun/nio/fs/WindowsException'{0x00000007143e8ad8}> (0x00000007143e8ad8) 
thrown [t:\workspace\open\src\hotspot\share\prims\jni.cpp, line 516]
Event: 0.269 Thread 0x000002454650e6e0 Exception <a 'sun/nio/fs/WindowsException'{0x00000007143ef140}> (0x00000007143ef140) 
thrown [t:\workspace\open\src\hotspot\share\prims\jni.cpp, line 516]
Event: 0.269 Thread 0x000002454650e6e0 Exception <a 'sun/nio/fs/WindowsException'{0x00000007143ef410}> (0x00000007143ef410) 
thrown [t:\workspace\open\src\hotspot\share\prims\jni.cpp, line 516]
Event: 0.364 Thread 0x000002454650e6e0 Exception <a 'sun/nio/fs/WindowsException'{0x0000000713e81978}> (0x0000000713e81978) 
thrown [t:\workspace\open\src\hotspot\share\prims\jni.cpp, line 516]
Event: 0.364 Thread 0x000002454650e6e0 Exception <a 'sun/nio/fs/WindowsException'{0x0000000713e81cf8}> (0x0000000713e81cf8) 
thrown [t:\workspace\open\src\hotspot\share\prims\jni.cpp, line 516]
Event: 0.407 Thread 0x000002454650e6e0 Exception <a 'sun/nio/fs/WindowsException'{0x0000000713c31fa0}> (0x0000000713c31fa0) 
thrown [t:\workspace\open\src\hotspot\share\prims\jni.cpp, line 516]

VM Operations (3 events):
Event: 0.047 Executing VM operation: HandshakeAllThreads
Event: 0.047 Executing VM operation: HandshakeAllThreads done
Event: 0.462 Executing VM operation: Exit

Events (20 events):
Event: 0.374 loading class java/io/Externalizable
Event: 0.374 loading class java/io/Externalizable done
Event: 0.376 Loaded shared library W:\Softwares\JDK\bin\verify.dll
Event: 0.402 loading class java/util/ComparableTimSort
Event: 0.402 loading class java/util/ComparableTimSort done
Event: 0.406 loading class java/io/UncheckedIOException
Event: 0.406 loading class java/io/UncheckedIOException done
Event: 0.407 loading class java/nio/file/StandardCopyOption
Event: 0.407 loading class java/nio/file/StandardCopyOption done
Event: 0.444 loading class java/io/DeleteOnExitHook
Event: 0.444 loading class java/io/DeleteOnExitHook done
Event: 0.444 loading class java/io/DeleteOnExitHook$1
Event: 0.444 loading class java/io/DeleteOnExitHook$1 done
Event: 0.454 Loaded shared library C:\Users\supap\AppData\Local\Temp\imgui-java-natives_1676304718324\imgui-java64.dll
Event: 0.461 loading class java/lang/Throwable$WrappedPrintStream
Event: 0.461 loading class java/lang/Throwable$PrintStreamOrWriter
Event: 0.461 loading class java/lang/Throwable$PrintStreamOrWriter done
Event: 0.461 loading class java/lang/Throwable$WrappedPrintStream done
Event: 0.461 loading class java/lang/StackTraceElement$HashedModules
Event: 0.461 loading class java/lang/StackTraceElement$HashedModules done


Dynamic libraries:
0x00007ff69a250000 - 0x00007ff69a260000 	W:\Softwares\JDK\bin\java.exe
0x00007ffbcc3b0000 - 0x00007ffbcc5c4000 	C:\WINDOWS\SYSTEM32\ntdll.dll
0x00007ffbcb930000 - 0x00007ffbcb9f3000 	C:\WINDOWS\System32\KERNEL32.DLL
0x00007ffbc9a50000 - 0x00007ffbc9ded000 	C:\WINDOWS\System32\KERNELBASE.dll
0x00007ffbca050000 - 0x00007ffbca161000 	C:\WINDOWS\System32\ucrtbase.dll
0x00007ffbaec10000 - 0x00007ffbaec28000 	W:\Softwares\JDK\bin\jli.dll
0x00007ffbcc010000 - 0x00007ffbcc0be000 	C:\WINDOWS\System32\ADVAPI32.dll
0x00007ffbcbd40000 - 0x00007ffbcbde7000 	C:\WINDOWS\System32\msvcrt.dll
0x00007ffbca9f0000 - 0x00007ffbcaa94000 	C:\WINDOWS\System32\sechost.dll
0x00007ffbcb650000 - 0x00007ffbcb765000 	C:\WINDOWS\System32\RPCRT4.dll
0x00007ffbcc1c0000 - 0x00007ffbcc36d000 	C:\WINDOWS\System32\USER32.dll
0x00007ffbca170000 - 0x00007ffbca196000 	C:\WINDOWS\System32\win32u.dll
0x00007ffbcbaa0000 - 0x00007ffbcbac9000 	C:\WINDOWS\System32\GDI32.dll
0x00007ffbc9eb0000 - 0x00007ffbc9fc2000 	C:\WINDOWS\System32\gdi32full.dll
0x00007ffbc9940000 - 0x00007ffbc99da000 	C:\WINDOWS\System32\msvcp_win.dll
0x00007ffbac480000 - 0x00007ffbac49a000 	W:\Softwares\JDK\bin\VCRUNTIME140.dll
0x00007ffbab050000 - 0x00007ffbab2de000 	C:\WINDOWS\WinSxS\amd64_microsoft.windows.common-controls_6595b64144ccf1df_6.0.22621.608_none_a9444ca7c10bb01d\COMCTL32.dll
0x00007ffbb6570000 - 0x00007ffbb657a000 	C:\WINDOWS\SYSTEM32\VERSION.dll
0x00007ffbca9b0000 - 0x00007ffbca9e2000 	C:\WINDOWS\System32\IMM32.DLL
0x00007ffb9c510000 - 0x00007ffb9c670000 	C:\Program Files (x86)\Citrix\ICA Client\epclient64.dll
0x00007ffbca1a0000 - 0x00007ffbca52a000 	C:\WINDOWS\System32\combase.dll
0x00007ffbc9170000 - 0x00007ffbc9198000 	C:\WINDOWS\SYSTEM32\bcrypt.dll
0x00007ffbc8900000 - 0x00007ffbc8934000 	C:\WINDOWS\SYSTEM32\ntmarta.dll
0x00007ffbc9fd0000 - 0x00007ffbca04b000 	C:\WINDOWS\System32\bcryptprimitives.dll
0x00007ffbc88e0000 - 0x00007ffbc88f8000 	C:\WINDOWS\SYSTEM32\kernel.appcore.dll
0x00007ffbafc00000 - 0x00007ffbafc0c000 	W:\Softwares\JDK\bin\vcruntime140_1.dll
0x00007ffb786e0000 - 0x00007ffb7876d000 	W:\Softwares\JDK\bin\msvcp140.dll
0x00007ffb59b80000 - 0x00007ffb5a73e000 	W:\Softwares\JDK\bin\server\jvm.dll
0x00007ffbcb4a0000 - 0x00007ffbcb4a8000 	C:\WINDOWS\System32\PSAPI.DLL
0x00007ffbbc6a0000 - 0x00007ffbbc6d4000 	C:\WINDOWS\SYSTEM32\WINMM.dll
0x00007ffbaaf90000 - 0x00007ffbaaf99000 	C:\WINDOWS\SYSTEM32\WSOCK32.dll
0x00007ffbcba00000 - 0x00007ffbcba71000 	C:\WINDOWS\System32\WS2_32.dll
0x00007ffbaec00000 - 0x00007ffbaec0a000 	W:\Softwares\JDK\bin\jimage.dll
0x00007ffbc6a90000 - 0x00007ffbc6cbe000 	C:\WINDOWS\SYSTEM32\DBGHELP.DLL
0x0000024547ec0000 - 0x0000024547f97000 	C:\WINDOWS\System32\OLEAUT32.dll
0x00007ffbb6530000 - 0x00007ffbb6562000 	C:\WINDOWS\SYSTEM32\dbgcore.DLL
0x00007ffbaac30000 - 0x00007ffbaac55000 	W:\Softwares\JDK\bin\java.dll
0x00007ffb776e0000 - 0x00007ffb777b6000 	W:\Softwares\JDK\bin\svml.dll
0x00007ffbcabf0000 - 0x00007ffbcb3df000 	C:\WINDOWS\System32\SHELL32.dll
0x00007ffbc77b0000 - 0x00007ffbc8078000 	C:\WINDOWS\SYSTEM32\windows.storage.dll
0x00007ffbc7670000 - 0x00007ffbc77ae000 	C:\WINDOWS\SYSTEM32\wintypes.dll
0x00007ffbcbea0000 - 0x00007ffbcbf91000 	C:\WINDOWS\System32\SHCORE.dll
0x00007ffbcbbf0000 - 0x00007ffbcbc4e000 	C:\WINDOWS\System32\shlwapi.dll
0x00007ffbc9700000 - 0x00007ffbc9721000 	C:\WINDOWS\SYSTEM32\profapi.dll
0x00007ffbaac10000 - 0x00007ffbaac29000 	W:\Softwares\JDK\bin\net.dll
0x00007ffbbe9d0000 - 0x00007ffbbeaff000 	C:\WINDOWS\SYSTEM32\WINHTTP.dll
0x00007ffbc8d60000 - 0x00007ffbc8dc9000 	C:\WINDOWS\system32\mswsock.dll
0x00007ffbaa860000 - 0x00007ffbaa875000 	W:\Softwares\JDK\bin\nio.dll
0x00007ffbaa220000 - 0x00007ffbaa238000 	W:\Softwares\JDK\bin\zip.dll
0x00007ffbb2510000 - 0x00007ffbb2585000 	C:\Users\supap\AppData\Local\Temp\lwjglsupap\3.3.1-1.86.7\lwjgl.dll
0x00007ffbb24a0000 - 0x00007ffbb2501000 	C:\Users\supap\AppData\Local\Temp\lwjglsupap\3.3.1-1.86.7\glfw.dll
0x00007ffbaefa0000 - 0x00007ffbaefe6000 	C:\WINDOWS\SYSTEM32\dinput8.dll
0x00007ffb69150000 - 0x00007ffb69161000 	C:\WINDOWS\SYSTEM32\xinput1_4.dll
0x00007ffbc94c0000 - 0x00007ffbc950e000 	C:\WINDOWS\SYSTEM32\cfgmgr32.dll
0x00007ffbc9480000 - 0x00007ffbc94b3000 	C:\WINDOWS\SYSTEM32\DEVOBJ.dll
0x00007ffbc69b0000 - 0x00007ffbc69db000 	C:\WINDOWS\SYSTEM32\dwmapi.dll
0x00007ffbb7090000 - 0x00007ffbb7291000 	C:\WINDOWS\SYSTEM32\inputhost.dll
0x00007ffbc6260000 - 0x00007ffbc6393000 	C:\WINDOWS\SYSTEM32\CoreMessaging.dll
0x00007ffbc8fd0000 - 0x00007ffbc8fdc000 	C:\WINDOWS\SYSTEM32\CRYPTBASE.DLL
0x00007ffbc6650000 - 0x00007ffbc66fb000 	C:\WINDOWS\system32\uxtheme.dll
0x000002456d000000 - 0x000002456d11e000 	C:\WINDOWS\System32\MSCTF.dll
0x00007ffbac610000 - 0x00007ffbac710000 	C:\WINDOWS\SYSTEM32\opengl32.dll
0x00007ffbafa50000 - 0x00007ffbafa7d000 	C:\WINDOWS\SYSTEM32\GLU32.dll
0x00007ffbc6f20000 - 0x00007ffbc6f56000 	C:\WINDOWS\SYSTEM32\dxcore.dll
0x00007ffbc0c70000 - 0x00007ffbc0cb9000 	C:\WINDOWS\SYSTEM32\directxdatabasehelper.dll
0x00007ffbcb3e0000 - 0x00007ffbcb497000 	C:\WINDOWS\System32\clbcatq.dll
0x00007ffb57ca0000 - 0x00007ffb58cab000 	C:\WINDOWS\System32\DriverStore\FileRepository\iigd_dch.inf_amd64_e04d20469f199b2b\igxelpicd64.dll
0x00007ffbcb4b0000 - 0x00007ffbcb64c000 	C:\WINDOWS\System32\ole32.dll
0x00007ffbc68a0000 - 0x00007ffbc6997000 	C:\WINDOWS\system32\dxgi.dll
0x00007ffb5cc00000 - 0x00007ffb5ceee000 	C:\WINDOWS\System32\DriverStore\FileRepository\iigd_dch.inf_amd64_e04d20469f199b2b\igdml64.dll
0x00007ffbb9950000 - 0x00007ffbb9d18000 	C:\WINDOWS\System32\DriverStore\FileRepository\iigd_dch.inf_amd64_e04d20469f199b2b\igdgmm64.dll
0x00007ffbb2ea0000 - 0x00007ffbb64a5000 	C:\WINDOWS\System32\DriverStore\FileRepository\iigd_dch.inf_amd64_e04d20469f199b2b\igc64.dll
0x00007ffbc86a0000 - 0x00007ffbc86ed000 	C:\WINDOWS\SYSTEM32\powrprof.dll
0x00007ffbc8680000 - 0x00007ffbc8693000 	C:\WINDOWS\SYSTEM32\UMPDC.dll
0x00007ffbabbb0000 - 0x00007ffbabcdd000 	C:\WINDOWS\SYSTEM32\textinputframework.dll
0x00007ffbc0100000 - 0x00007ffbc046c000 	C:\WINDOWS\SYSTEM32\CoreUIComponents.dll
0x00007ffbaef40000 - 0x00007ffbaef9d000 	C:\Users\supap\AppData\Local\Temp\lwjglsupap\3.3.1-1.86.7\lwjgl_opengl.dll
0x00007ffb96010000 - 0x00007ffb96091000 	C:\Users\supap\AppData\Local\Temp\lwjglsupap\3.3.1-1.86.7\lwjgl_stb.dll
0x00007ffbacd70000 - 0x00007ffbacd80000 	W:\Softwares\JDK\bin\verify.dll
0x00007ffb56eb0000 - 0x00007ffb57c97000 	C:\Users\supap\AppData\Local\Temp\imgui-java-natives_1676304718324\imgui-java64.dll

dbghelp: loaded successfully - version: 4.0.5 - missing functions: none
symbol engine: initialized successfully - sym options: 0x614 - pdb path: .;W:\Softwares\JDK\bin;C:\WINDOWS\SYSTEM32;C:\WINDOWS\WinSxS\amd64_microsoft.windows.common-controls_6595b64144ccf1df_6.0.22621.608_none_a9444ca7c10bb01d;C:\Program Files (x86)\Citrix\ICA Client;W:\Softwares\JDK\bin\server;C:\Users\supap\AppData\Local\Temp\lwjglsupap\3.3.1-1.86.7;C:\WINDOWS\System32\DriverStore\FileRepository\iigd_dch.inf_amd64_e04d20469f199b2b;C:\Users\supap\AppData\Local\Temp\imgui-java-natives_1676304718324

VM Arguments:
jvm_args: -Dfile.encoding=windows-1252 -Duser.country=IN -Duser.language=en -Duser.variant -ea 
java_command: org.supanthapaul.Main java.library.path=libs
java_class_path (initial): W:\Programming\Projects\Java\contour-engine\build\classes\java\main;W:\Programming\Projects\Java\contour-engine\build\resources\main;W:\Programming\Projects\Java\contour-engine\libs\imgui-app-1.86.7-all.jar;W:\Programming\Projects\Java\contour-engine\libs\imgui-app-1.86.7-javadoc.jar;W:\Programming\Projects\Java\contour-engine\libs\imgui-app-1.86.7-sources.jar;W:\Programming\Projects\Java\contour-engine\libs\imgui-app-1.86.7.jar;W:\Programming\Projects\Java\contour-engine\libs\imgui-binding-1.86.7-javadoc.jar;W:\Programming\Projects\Java\contour-engine\libs\imgui-binding-1.86.7-sources.jar;W:\Programming\Projects\Java\contour-engine\libs\imgui-binding-1.86.7.jar;W:\Programming\Projects\Java\contour-engine\libs\imgui-lwjgl3-1.86.7-javadoc.jar;W:\Programming\Projects\Java\contour-engine\libs\imgui-lwjgl3-1.86.7-sources.jar;W:\Programming\Projects\Java\contour-engine\libs\imgui-lwjgl3-1.86.7.jar;C:\Users\supap\.gradle\caches\modules-2\files-2.1\org.lwjgl\lwjgl-assimp\3.3.1\312072f451794f25670aebb0160ce6ec88aff842\lwjgl-assimp-3.3.1.jar;C:\Users\supap\.gradle\caches\modules-2\files-2.1\org.lwjgl\lwjgl-assimp\3.3.1\bfa2a0d57acbf952b716d0ad8a3acbd7ad9f5639\lwjgl-assimp-3.3.1-natives-windows.jar;C:\Users\supap\.gradle\caches\modules-2\files-2.1\org.lwjgl\lwjgl-glfw\3.3.1\cbac1b8d30cb4795149c1ef540f912671a8616d0\lwjgl-glfw-3.3.1.jar;C:\Users\supap\.gradle\caches\modules-2\files-2.1\org.lwjgl\lwjgl-glfw\3.3.1\ed892f945cf7e79c8756796f32d00fa4ceaf573b\lwjgl-glfw-3.3.1-natives-windows.jar;C:\Users\supap\.gradle\caches\modules-2\files-2.1\org.lwjgl\lwjgl-nfd\3.3.1\622318116996ddcff449b46cb38f0fdee39b8ac3\lwjgl-nfd-3.3.1.jar;C:\Users\supap\.gradle\caches\modules-2\files-2.1\org.lwjgl\lwjgl-nfd\3.3.1\869fe532a50455e8b2d924f498bfb95f80b41aed\lwjgl-nfd-3.3.1-natives-windows.jar;C:\Users\supap\.gradle\caches\modules-2\files-2.1\org.lwjgl\lwjgl-openal\3.3.1\2623a6b8ae1dfcd880738656a9f0243d2e6840bd\lwjgl-openal-3.3.1.jar;C:\Users\supap\.gradle\caches\module
Launcher Type: SUN_STANDARD

[Global flags]
     intx CICompilerCount                          = 4                                         {product} {ergonomic}
     uint ConcGCThreads                            = 2                                         {product} {ergonomic}
     uint G1ConcRefinementThreads                  = 8                                         {product} {ergonomic}
   size_t G1HeapRegionSize                         = 2097152                                   {product} {ergonomic}
    uintx GCDrainStackTargetSize                   = 64                                        {product} {ergonomic}
   size_t InitialHeapSize                          = 264241152                                 {product} {ergonomic}
   size_t MarkStackSize                            = 4194304                                   {product} {ergonomic}
   size_t MaxHeapSize                              = 4215275520                                {product} {ergonomic}
   size_t MaxNewSize                               = 2529165312                                {product} {ergonomic}
   size_t MinHeapDeltaBytes                        = 2097152                                   {product} {ergonomic}
   size_t MinHeapSize                              = 8388608                                   {product} {ergonomic}
    uintx NonNMethodCodeHeapSize                   = 5839372                                {pd product} {ergonomic}
    uintx NonProfiledCodeHeapSize                  = 122909434                              {pd product} {ergonomic}
    uintx ProfiledCodeHeapSize                     = 122909434                              {pd product} {ergonomic}
    uintx ReservedCodeCacheSize                    = 251658240                              {pd product} {ergonomic}
     bool SegmentedCodeCache                       = true                                      {product} {ergonomic}
   size_t SoftMaxHeapSize                          = 4215275520                             {manageable} {ergonomic}
     bool UseCompressedClassPointers               = true                           {product lp64_product} {ergonomic}
     bool UseCompressedOops                        = true                           {product lp64_product} {ergonomic}
     bool UseG1GC                                  = true                                      {product} {ergonomic}
     bool UseLargePagesIndividualAllocation        = false                                  {pd product} {ergonomic}

Logging:
Log output configuration:
 #0: stdout all=off uptime,level,tags
 #1: stderr all=off uptime,level,tags

Environment Variables:
JAVA_HOME=W:\Softwares\JDK
PATH=W:\Softwares\Python\Scripts\;W:\Softwares\Python\;C:\WINDOWS\system32;C:\WINDOWS;C:\WINDOWS\System32\Wbem;C:\WINDOWS\System32\WindowsPowerShell\v1.0\;C:\WINDOWS\System32\OpenSSH\;C:\Program Files\NVIDIA Corporation\NVIDIA NvDLISR;C:\Program Files (x86)\NVIDIA Corporation\PhysX\Common;W:\Softwares\Git\cmd;W:\Softwares\flutter\bin;W:\Softwares\terraform;C:\Program Files\Git LFS;C:\WINDOWS\system32;C:\WINDOWS;C:\WINDOWS\System32\Wbem;C:\WINDOWS\System32\WindowsPowerShell\v1.0\;C:\WINDOWS\System32\OpenSSH\;C:\Program Files\nodejs\;W:\Softwares\PostgreSQL\bin;W:\Softwares\Python\Scripts\;W:\Softwares\Python\;C:\Users\supap\AppData\Local\Microsoft\WindowsApps;W:\Softwares\Microsoft VS Code\bin;C:\Users\supap\AppData\Local\GitHubDesktop\bin;C:\Users\supap\.dotnet\tools;W:\Softwares\flutter\bin;W:\Softwares\terraform;W:\Softwares\JetBrains Rider 2022.2.2\bin;C:\Users\supap\AppData\Local\JetBrains\Toolbox\scripts;C:\Users\supap\AppData\Local\Microsoft\WindowsApps;C:\Users\supap\AppData\Roaming\npm;W:\Softwares\PostgreSQL\bin;;W:\Softwares\IntelliJ IDEA 2022.3.1\bin;
USERNAME=supap
OS=Windows_NT
PROCESSOR_IDENTIFIER=Intel64 Family 6 Model 140 Stepping 1, GenuineIntel



---------------  S Y S T E M  ---------------

OS:
 Windows 10 , 64 bit Build 22621 (10.0.22621.1105)
OS uptime: 2 days 23:43 hours
Hyper-V role detected

CPU: total 8 (initial active 8) (4 cores per cpu, 2 threads per core) family 6 model 140 stepping 1 microcode 0x86, cx8, cmov, fxsr, ht, mmx, 3dnowpref, sse, sse2, sse3, ssse3, sse4.1, sse4.2, popcnt, lzcnt, tsc, tscinvbit, avx, avx2, aes, erms, clmul, bmi1, bmi2, adx, avx512f, avx512dq, avx512cd, avx512bw, avx512vl, sha, fma, vzeroupper, avx512_vpopcntdq, avx512_vpclmulqdq, avx512_vaes, avx512_vnni, clflush, clflushopt, clwb, avx512_vbmi2, avx512_vbmi, hv

Memory: 4k page, system-wide physical 16075M (5264M free)
TotalPageFile size 21707M (AvailPageFile size 6899M)
current process WorkingSet (physical memory assigned to process): 166M, peak: 166M
current process commit charge ("private bytes"): 405M, peak: 405M

vm_info: Java HotSpot(TM) 64-Bit Server VM (17.0.1+12-LTS-39) for windows-amd64 JRE (17.0.1+12-LTS-39), built on Sep 27 2021 18:41:35 by "mach5one" with MS VC++ 16.8 (VS2019)

END.
